e:\14bcs068\ex2\texteditor\texteditor\debug\.netframework,version=v4.5.assemblyattributes.obj
e:\14bcs068\ex2\texteditor\texteditor\debug\vc110.pdb
e:\14bcs068\ex2\texteditor\texteditor\debug\myform.obj
e:\14bcs068\ex2\texteditor\debug\texteditor.ilk
e:\14bcs068\ex2\texteditor\debug\texteditor.exe
e:\14bcs068\ex2\texteditor\debug\texteditor.pdb
e:\14bcs068\ex2\texteditor\texteditor\debug\texteditor.myform.resources
f:\studies\iv sem\ss lab\texteditor\texteditor\debug\vc120.pdb
f:\studies\iv sem\ss lab\texteditor\texteditor\debug\.netframework,version=v4.5.assemblyattributes.obj
f:\studies\iv sem\ss lab\texteditor\debug\texteditor.exe
f:\studies\iv sem\ss lab\texteditor\debug\texteditor.pdb
f:\studies\iv sem\ss lab\texteditor\texteditor\debug\texteditor.myform.resources
f:\studies\iv sem\ss lab\texteditor\texteditor\debug\texteditor.vcxproj.generateresource.cache
f:\studies\iv sem\ss lab\texteditor\texteditor\debug\texteditor.vcxprojresolveassemblyreference.cache
f:\studies\iv sem\ss lab\texteditor\texteditor\debug\cl.command.1.tlog
f:\studies\iv sem\ss lab\texteditor\texteditor\debug\cl.read.1.tlog
f:\studies\iv sem\ss lab\texteditor\texteditor\debug\cl.write.1.tlog
f:\studies\iv sem\ss lab\texteditor\texteditor\debug\link.1100-cvtres.read.1.tlog
f:\studies\iv sem\ss lab\texteditor\texteditor\debug\link.1100-cvtres.write.1.tlog
f:\studies\iv sem\ss lab\texteditor\texteditor\debug\link.1100-rc.read.1.tlog
f:\studies\iv sem\ss lab\texteditor\texteditor\debug\link.1100-rc.write.1.tlog
f:\studies\iv sem\ss lab\texteditor\texteditor\debug\link.1100.read.1.tlog
f:\studies\iv sem\ss lab\texteditor\texteditor\debug\link.1100.write.1.tlog
f:\studies\iv sem\ss lab\texteditor\texteditor\debug\link.1164-cvtres.read.1.tlog
f:\studies\iv sem\ss lab\texteditor\texteditor\debug\link.1164-cvtres.write.1.tlog
f:\studies\iv sem\ss lab\texteditor\texteditor\debug\link.1164-rc.read.1.tlog
f:\studies\iv sem\ss lab\texteditor\texteditor\debug\link.1164-rc.write.1.tlog
f:\studies\iv sem\ss lab\texteditor\texteditor\debug\link.1164.read.1.tlog
f:\studies\iv sem\ss lab\texteditor\texteditor\debug\link.1164.write.1.tlog
f:\studies\iv sem\ss lab\texteditor\texteditor\debug\link.1320-cvtres.read.1.tlog
f:\studies\iv sem\ss lab\texteditor\texteditor\debug\link.1320-cvtres.write.1.tlog
f:\studies\iv sem\ss lab\texteditor\texteditor\debug\link.1320-rc.read.1.tlog
f:\studies\iv sem\ss lab\texteditor\texteditor\debug\link.1320-rc.write.1.tlog
f:\studies\iv sem\ss lab\texteditor\texteditor\debug\link.1320.read.1.tlog
f:\studies\iv sem\ss lab\texteditor\texteditor\debug\link.1320.write.1.tlog
f:\studies\iv sem\ss lab\texteditor\texteditor\debug\link.2008-cvtres.read.1.tlog
f:\studies\iv sem\ss lab\texteditor\texteditor\debug\link.2008-cvtres.write.1.tlog
f:\studies\iv sem\ss lab\texteditor\texteditor\debug\link.2008-rc.read.1.tlog
f:\studies\iv sem\ss lab\texteditor\texteditor\debug\link.2008-rc.write.1.tlog
f:\studies\iv sem\ss lab\texteditor\texteditor\debug\link.2008.read.1.tlog
f:\studies\iv sem\ss lab\texteditor\texteditor\debug\link.2008.write.1.tlog
f:\studies\iv sem\ss lab\texteditor\texteditor\debug\link.2108-cvtres.read.1.tlog
f:\studies\iv sem\ss lab\texteditor\texteditor\debug\link.2108-cvtres.write.1.tlog
f:\studies\iv sem\ss lab\texteditor\texteditor\debug\link.2108-rc.read.1.tlog
f:\studies\iv sem\ss lab\texteditor\texteditor\debug\link.2108-rc.write.1.tlog
f:\studies\iv sem\ss lab\texteditor\texteditor\debug\link.2108.read.1.tlog
f:\studies\iv sem\ss lab\texteditor\texteditor\debug\link.2108.write.1.tlog
f:\studies\iv sem\ss lab\texteditor\texteditor\debug\link.2460-cvtres.read.1.tlog
f:\studies\iv sem\ss lab\texteditor\texteditor\debug\link.2460-cvtres.write.1.tlog
f:\studies\iv sem\ss lab\texteditor\texteditor\debug\link.2460-rc.read.1.tlog
f:\studies\iv sem\ss lab\texteditor\texteditor\debug\link.2460-rc.write.1.tlog
f:\studies\iv sem\ss lab\texteditor\texteditor\debug\link.2460.read.1.tlog
f:\studies\iv sem\ss lab\texteditor\texteditor\debug\link.2460.write.1.tlog
f:\studies\iv sem\ss lab\texteditor\texteditor\debug\link.2688-cvtres.read.1.tlog
f:\studies\iv sem\ss lab\texteditor\texteditor\debug\link.2688-cvtres.write.1.tlog
f:\studies\iv sem\ss lab\texteditor\texteditor\debug\link.2688-rc.read.1.tlog
f:\studies\iv sem\ss lab\texteditor\texteditor\debug\link.2688-rc.write.1.tlog
f:\studies\iv sem\ss lab\texteditor\texteditor\debug\link.2688.read.1.tlog
f:\studies\iv sem\ss lab\texteditor\texteditor\debug\link.2688.write.1.tlog
f:\studies\iv sem\ss lab\texteditor\texteditor\debug\link.3304-cvtres.read.1.tlog
f:\studies\iv sem\ss lab\texteditor\texteditor\debug\link.3304-cvtres.write.1.tlog
f:\studies\iv sem\ss lab\texteditor\texteditor\debug\link.3304-rc.read.1.tlog
f:\studies\iv sem\ss lab\texteditor\texteditor\debug\link.3304-rc.write.1.tlog
f:\studies\iv sem\ss lab\texteditor\texteditor\debug\link.3304.read.1.tlog
f:\studies\iv sem\ss lab\texteditor\texteditor\debug\link.3304.write.1.tlog
f:\studies\iv sem\ss lab\texteditor\texteditor\debug\link.4072-cvtres.read.1.tlog
f:\studies\iv sem\ss lab\texteditor\texteditor\debug\link.4072-cvtres.write.1.tlog
f:\studies\iv sem\ss lab\texteditor\texteditor\debug\link.4072-rc.read.1.tlog
f:\studies\iv sem\ss lab\texteditor\texteditor\debug\link.4072-rc.write.1.tlog
f:\studies\iv sem\ss lab\texteditor\texteditor\debug\link.4072.read.1.tlog
f:\studies\iv sem\ss lab\texteditor\texteditor\debug\link.4072.write.1.tlog
f:\studies\iv sem\ss lab\texteditor\texteditor\debug\link.4420-cvtres.read.1.tlog
f:\studies\iv sem\ss lab\texteditor\texteditor\debug\link.4420-cvtres.write.1.tlog
f:\studies\iv sem\ss lab\texteditor\texteditor\debug\link.4420-rc.read.1.tlog
f:\studies\iv sem\ss lab\texteditor\texteditor\debug\link.4420-rc.write.1.tlog
f:\studies\iv sem\ss lab\texteditor\texteditor\debug\link.4420.read.1.tlog
f:\studies\iv sem\ss lab\texteditor\texteditor\debug\link.4420.write.1.tlog
f:\studies\iv sem\ss lab\texteditor\texteditor\debug\link.4444-cvtres.read.1.tlog
f:\studies\iv sem\ss lab\texteditor\texteditor\debug\link.4444-cvtres.write.1.tlog
f:\studies\iv sem\ss lab\texteditor\texteditor\debug\link.4444-rc.read.1.tlog
f:\studies\iv sem\ss lab\texteditor\texteditor\debug\link.4444-rc.write.1.tlog
f:\studies\iv sem\ss lab\texteditor\texteditor\debug\link.4444.read.1.tlog
f:\studies\iv sem\ss lab\texteditor\texteditor\debug\link.4444.write.1.tlog
f:\studies\iv sem\ss lab\texteditor\texteditor\debug\link.4504-cvtres.read.1.tlog
f:\studies\iv sem\ss lab\texteditor\texteditor\debug\link.4504-cvtres.write.1.tlog
f:\studies\iv sem\ss lab\texteditor\texteditor\debug\link.4504-rc.read.1.tlog
f:\studies\iv sem\ss lab\texteditor\texteditor\debug\link.4504-rc.write.1.tlog
f:\studies\iv sem\ss lab\texteditor\texteditor\debug\link.4504.read.1.tlog
f:\studies\iv sem\ss lab\texteditor\texteditor\debug\link.4504.write.1.tlog
f:\studies\iv sem\ss lab\texteditor\texteditor\debug\link.4552-cvtres.read.1.tlog
f:\studies\iv sem\ss lab\texteditor\texteditor\debug\link.4552-cvtres.write.1.tlog
f:\studies\iv sem\ss lab\texteditor\texteditor\debug\link.4552-rc.read.1.tlog
f:\studies\iv sem\ss lab\texteditor\texteditor\debug\link.4552-rc.write.1.tlog
f:\studies\iv sem\ss lab\texteditor\texteditor\debug\link.4552.read.1.tlog
f:\studies\iv sem\ss lab\texteditor\texteditor\debug\link.4552.write.1.tlog
f:\studies\iv sem\ss lab\texteditor\texteditor\debug\link.4596-cvtres.read.1.tlog
f:\studies\iv sem\ss lab\texteditor\texteditor\debug\link.4596-cvtres.write.1.tlog
f:\studies\iv sem\ss lab\texteditor\texteditor\debug\link.4596-rc.read.1.tlog
f:\studies\iv sem\ss lab\texteditor\texteditor\debug\link.4596-rc.write.1.tlog
f:\studies\iv sem\ss lab\texteditor\texteditor\debug\link.4596.read.1.tlog
f:\studies\iv sem\ss lab\texteditor\texteditor\debug\link.4596.write.1.tlog
f:\studies\iv sem\ss lab\texteditor\texteditor\debug\link.4748-cvtres.read.1.tlog
f:\studies\iv sem\ss lab\texteditor\texteditor\debug\link.4748-cvtres.write.1.tlog
f:\studies\iv sem\ss lab\texteditor\texteditor\debug\link.4748-rc.read.1.tlog
f:\studies\iv sem\ss lab\texteditor\texteditor\debug\link.4748-rc.write.1.tlog
f:\studies\iv sem\ss lab\texteditor\texteditor\debug\link.4748.read.1.tlog
f:\studies\iv sem\ss lab\texteditor\texteditor\debug\link.4748.write.1.tlog
f:\studies\iv sem\ss lab\texteditor\texteditor\debug\link.4792-cvtres.read.1.tlog
f:\studies\iv sem\ss lab\texteditor\texteditor\debug\link.4792-cvtres.write.1.tlog
f:\studies\iv sem\ss lab\texteditor\texteditor\debug\link.4792-rc.read.1.tlog
f:\studies\iv sem\ss lab\texteditor\texteditor\debug\link.4792-rc.write.1.tlog
f:\studies\iv sem\ss lab\texteditor\texteditor\debug\link.4792.read.1.tlog
f:\studies\iv sem\ss lab\texteditor\texteditor\debug\link.4792.write.1.tlog
f:\studies\iv sem\ss lab\texteditor\texteditor\debug\link.4864-cvtres.read.1.tlog
f:\studies\iv sem\ss lab\texteditor\texteditor\debug\link.4864-cvtres.write.1.tlog
f:\studies\iv sem\ss lab\texteditor\texteditor\debug\link.4864-rc.read.1.tlog
f:\studies\iv sem\ss lab\texteditor\texteditor\debug\link.4864-rc.write.1.tlog
f:\studies\iv sem\ss lab\texteditor\texteditor\debug\link.4864.read.1.tlog
f:\studies\iv sem\ss lab\texteditor\texteditor\debug\link.4864.write.1.tlog
f:\studies\iv sem\ss lab\texteditor\texteditor\debug\link.932-cvtres.read.1.tlog
f:\studies\iv sem\ss lab\texteditor\texteditor\debug\link.932-cvtres.write.1.tlog
f:\studies\iv sem\ss lab\texteditor\texteditor\debug\link.932-rc.read.1.tlog
f:\studies\iv sem\ss lab\texteditor\texteditor\debug\link.932-rc.write.1.tlog
f:\studies\iv sem\ss lab\texteditor\texteditor\debug\link.932.read.1.tlog
f:\studies\iv sem\ss lab\texteditor\texteditor\debug\link.932.write.1.tlog
f:\studies\iv sem\ss lab\texteditor\texteditor\debug\link.command.1.tlog
f:\studies\iv sem\ss lab\texteditor\texteditor\debug\link.read.1.tlog
f:\studies\iv sem\ss lab\texteditor\texteditor\debug\link.write.1.tlog
f:\studies\iv sem\ss lab\texteditor\texteditor\debug\metagen.read.1.tlog
f:\studies\iv sem\ss lab\texteditor\texteditor\debug\metagen.write.1.tlog
f:\studies\iv sem\ss lab\texteditor\texteditor\debug\texteditor.write.1.tlog
f:\studies\iv sem\ss lab\texteditor\texteditor\debug\vc110.pdb
f:\studies\iv sem\ss lab\texteditor\texteditor\debug\rsaenh.dll.bi
f:\studies\iv sem\ss lab\texteditor\texteditor\debug\tzres.dll.bi
f:\studies\iv sem\ss lab\texteditor\texteditor\debug\texteditor.tlog\cl.command.1.tlog
f:\studies\iv sem\ss lab\texteditor\texteditor\debug\texteditor.tlog\cl.read.1.tlog
f:\studies\iv sem\ss lab\texteditor\texteditor\debug\texteditor.tlog\cl.write.1.tlog
f:\studies\iv sem\ss lab\texteditor\texteditor\debug\texteditor.tlog\link.command.1.tlog
f:\studies\iv sem\ss lab\texteditor\texteditor\debug\texteditor.tlog\link.read.1.tlog
f:\studies\iv sem\ss lab\texteditor\texteditor\debug\texteditor.tlog\link.write.1.tlog
f:\studies\iv sem\ss lab\texteditor\texteditor\debug\texteditor.tlog\metagen.read.1.tlog
f:\studies\iv sem\ss lab\texteditor\texteditor\debug\texteditor.tlog\metagen.write.1.tlog
f:\studies\iv sem\ss lab\texteditor\texteditor\debug\texteditor.tlog\texteditor.write.1u.tlog
f:\studies\iv sem\ss lab\texteditor\texteditor\debug\texteditor.tlog\tzres.dll.bi
